<?xml version="1.0" encoding="UTF-8"?>
<testng-results skipped="0" failed="0" ignored="0" total="1" passed="1">
  <reporter-output>
  </reporter-output>
  <suite name="Default suite" duration-ms="38876" started-at="2020-01-18T22:06:36Z" finished-at="2020-01-18T22:07:15Z">
    <groups>
    </groups>
    <test name="Default test" duration-ms="38876" started-at="2020-01-18T22:06:36Z" finished-at="2020-01-18T22:07:15Z">
      <class name="com.prasanth.regressionsuite.Suite1">
        <test-method status="PASS" signature="testRegression()[pri:0, instance:com.prasanth.regressionsuite.Suite1@4b1c1ea0]" name="testRegression" duration-ms="38848" started-at="2020-01-18T22:06:36Z" finished-at="2020-01-18T22:07:15Z">
          <reporter-output>
          </reporter-output>
        </test-method> <!-- testRegression -->
      </class> <!-- com.prasanth.regressionsuite.Suite1 -->
    </test> <!-- Default test -->
  </suite> <!-- Default suite -->
</testng-results>
